Begin Execution
Start Date and Time: 20210728T004807
Machine Model: IdeaPad 3 15ITL6
UUID: {3480880A-8862-11EB-80EC-38F3AB397917}
Serial Number: PF2W8H8R
BIOS Version: GGCN26WW
Wireless Mac Address 1: 40:1C:83:38:78:B3
Application Version: Lenovo Diagnostics - CLI 4.37.0.209
Machine Type-Model: 82H800E0IV
+++ 20210728T004808 CPU 1627422487
UDI: 11th Gen Intel(R) Core(TM) i5-1135G7 @ 2.40GHz - INTEL (0)
DISPLAY_NAME: 11th Gen Intel(R) Core(TM) i5-1135G7 @ 2.40GHz
CPU_MODEL: 11th Gen Intel(R) Core(TM) i5-1135G7 @ 2.40GHz
CPU_VENDOR: INTEL
CPU_CORES: 4
CPU_THREADS: 8
CPU_SIGNATURE: 806C1h
CPU_CURRENT_SPEED: 2.422634 GHz
CPU_FEATURES: MMX, EM64T, SSE, SSE2, SSE3, SSSE3, SSE4.1, SSE4.2, AES, AVX, CLMUL, FMA, PSE, PSE-36, IDA/Turbo boost, HTT, XD, VMX
CPU_CACHE_L1: 4 x 48 KB CPU_DATA_CACHE, 4 x 32 KB CPU_INSTRUCTION_CACHE
CPU_CACHE_L2: 4 x 1 MB CPU_UNIFIED_CACHE
CPU_CACHE_L3: 8 MB CPU_UNIFIED_CACHE
DRIVER_VERSION: 10.0.19041.546
START TESTS
20210728T004808 START CPU_BT_INSTRUCTION_TEST
20210728T004808 STOP CPU_BT_INSTRUCTION_TEST SUCCESS 0.11 S
20210728T004808 START CPU_X87_FLOATING_POINT_TEST
20210728T004808 STOP CPU_X87_FLOATING_POINT_TEST SUCCESS 0.13 S
20210728T004808 START CPU_MMX_TEST
20210728T004808 STOP CPU_MMX_TEST SUCCESS 0.13 S
20210728T004808 START CPU_SSE_FAMILY_TEST
20210728T004808 STOP CPU_SSE_FAMILY_TEST SUCCESS 0.11 S
20210728T004808 START CPU_AES_TEST
20210728T004808 STOP CPU_AES_TEST SUCCESS 0.14 S
STOP TESTS WCP0003E00000-UH9B3M
--- CPU
+++ 20210728T004808 MEMORY 1627422487
UDI: PHYSICAL_MEMORY
DISPLAY_NAME: PHYSICAL_MEMORY
PHYSICAL_MEMORY: 8.000 GB
>>> RESOURCE Bank
INDEX: 0
MANUFACTURER: SK Hynix
SPEED: 3200 MHz
SIZE: 4.000 GB
PART_NUMBER: HMA851S6DJR6N-XN    
SERIAL: 84EF1ADF
TYPE: DDR4
<<< RESOURCE
>>> RESOURCE Bank
INDEX: 1
MANUFACTURER: Micron Technology
SPEED: 3200 MHz
SIZE: 4.000 GB
PART_NUMBER: 4ATF51264HZ-3G2J1   
SERIAL: 00000000
TYPE: DDR4
<<< RESOURCE
START TESTS
20210728T004808 START QUICK_RANDOM_PATTERN_TEST
20210728T004845 STOP QUICK_RANDOM_PATTERN_TEST SUCCESS 36.88 S
STOP TESTS WME0080000000-UH9B3M
--- MEMORY
+++ 20210728T004808 WIRELESS 1627422487
UDI: IntelCorporation-Intel(R)Wi-Fi6AX201160MHz-40:1C:83:38:78:B3
DISPLAY_NAME: Intel(R) Wi-Fi 6 AX201 160MHz
DRIVER_VERSION: 21.10.2.2
MACADDRESS: 40:1C:83:38:78:B3
MANUFACTURER: Intel Corporation
NETWORK_NAMES: {DEDFBE0B-99BE-417C-A122-1107F6E507C7}
PRODUCT_NAME: Intel(R) Wi-Fi 6 AX201 160MHz
START TESTS
20210728T004846 START RADIO_ENABLED_TEST
20210728T004846 MESSAGE LOG_HARDWARE_SOFTWARE_RADIO_STATE_ON
20210728T004846 STOP RADIO_ENABLED_TEST SUCCESS 0.56 S
20210728T004846 START NETWORK_SCAN_TEST
20210728T004847 STOP NETWORK_SCAN_TEST SUCCESS 0.48 S
20210728T004847 START SIGNAL_STRENGTH_TEST
20210728T004847 MESSAGE LOG_NETWORK_FOUND_SUFFICIENT_QUALITY 5g p#l@g1japb7rd5 wmdo!mvk0 rw5x
20210728T004847 STOP SIGNAL_STRENGTH_TEST SUCCESS 0.50 S
STOP TESTS WWF0000700000-UH9B3M
--- WIRELESS
+++ 20210728T004808 STORAGE 1627422487
UDI: Seagate-ST1000LM035-1RK172-WKPKS1QQ
DISPLAY_NAME: ST1000LM035-1RK172 - 931.51 GBs
MANUFACTURER: Seagate
MODEL: ST1000LM035-1RK172
SERIAL: WKPKS1QQ
FIRMWARE: LFM3
SIZE: 931.51 GBs
ROTATION_RATE: 5400 RPM
TEMPERATURE: 31 °C
PHYSICAL_SECTOR_SIZE: 4096
LOGICAL_SECTOR_SIZE: 512
LOGICAL_SECTORS: 1953525168
SUPPORTED_STANDARDS: ATA8-ACS, ATA7-ATAPI, ATA6-ATAPI, ATA5-ATAPI, ATA8-ACS, ATA7-ATAPI, ATA6-ATAPI, ATA5-ATAPI
SPEC_VERSION: UNRECOGNIZED_VERSION
PARTITION_SCHEMA: GPT
UNALLOCATED: 1.74 MBs
DRIVER_VERSION: 10.0.19041.789
>>> RESOURCE PARTITION
INDEX: 1
PARTITION_TYPE: _MICROSOFT_RESERVED_PARTITION
SIZE: 15.98 MBs
<<< RESOURCE
>>> RESOURCE PARTITION
INDEX: 2
PARTITION_TYPE: _WINDOWS_BASIC_DATA_PARTITION
FILE_SYSTEM: ntfs
MOUNT_POINT: D:\
SERIAL: 3CD07CB4
SIZE: 684.43 GBs
USED: 118.82 GBs
FREE: 565.61 GBs
<<< RESOURCE
>>> RESOURCE PARTITION
INDEX: 3
PARTITION_TYPE: _WINDOWS_BASIC_DATA_PARTITION
FILE_SYSTEM: ntfs
MOUNT_POINT: E:\
SERIAL: D0DF2238
SIZE: 247.07 GBs
USED: 10.47 GBs
FREE: 236.60 GBs
<<< RESOURCE
>>> SMART INFO
id: 1
description: Raw Read Error Rate
threshold: 34
value: 80
worst: 66
data: 99466708
id: 3
description: Spin Up Time
threshold: 0
value: 99
worst: 99
data: 0
id: 4
description: Start Stop Count
threshold: 20
value: 100
worst: 100
data: 130
id: 5
description: Reallocated Sector Count
threshold: 36
value: 100
worst: 100
data: 0
id: 7
description: Seek Error Rate
threshold: 45
value: 70
worst: 60
data: 10064281
id: 9
description: Power On Hours
threshold: 0
value: 100
worst: 100
data: 131
id: 10
description: Spin Retry Count
threshold: 97
value: 100
worst: 100
data: 0
id: 12
description: Power Cycle Count
threshold: 20
value: 100
worst: 100
data: 74
id: 184
description: End-to-End_Error
threshold: 99
value: 100
worst: 100
data: 0
id: 187
description: Reported Uncorrect
threshold: 0
value: 100
worst: 100
data: 0
id: 188
description: Command Timeout
threshold: 0
value: 100
worst: 100
data: 0
id: 189
description: High Fly Writes
threshold: 0
value: 100
worst: 100
data: 0
id: 190
description: Airflow Temperature Cel
threshold: 40
value: 69
worst: 58
data: 589234207
id: 191
description: G-Sense Error Rate
threshold: 0
value: 100
worst: 100
data: 0
id: 192
description: Power-Off Retract Count
threshold: 0
value: 100
worst: 100
data: 16
id: 193
description: Load Cycle Count
threshold: 0
value: 100
worst: 100
data: 1435
id: 194
description: Temperature Celsius
threshold: 0
value: 31
worst: 42
data: 31
id: 196
description: Reallocated Event Count
threshold: 0
value: 100
worst: 100
data: 0
id: 197
description: Current Pending Sector
threshold: 0
value: 100
worst: 100
data: 0
id: 198
description: Offline Uncorrectable
threshold: 0
value: 100
worst: 100
data: 0
id: 199
description: UDMA CRC Error Count
threshold: 0
value: 200
worst: 200
data: 0
id: 240
description: Head Flying Hours
threshold: 30
value: 100
worst: 100
data: 112
id: 254
description: Free Fall Sensor
threshold: 0
value: 100
worst: 100
data: 0
<<< SMART
START TESTS
20210728T004848 START TARGETED_READ_TEST
20210728T004849 STOP TARGETED_READ_TEST SUCCESS 0.41 S
20210728T004849 START RANDOM_SEEK_TEST
20210728T004858 STOP RANDOM_SEEK_TEST SUCCESS 9.09 S
20210728T004858 START FUNNEL_SEEK_TEST
20210728T004902 STOP FUNNEL_SEEK_TEST SUCCESS 4.25 S
20210728T004902 START SHORT_SELF_TEST
20210728T005004 STOP SHORT_SELF_TEST SUCCESS 61.56 S
20210728T005004 START DRIVE_SELF_TEST
20210728T005227 STOP DRIVE_SELF_TEST SUCCESS 143.74 S
20210728T005227 START SMART_STATUS_TEST
20210728T005228 STOP SMART_STATUS_TEST SUCCESS 0.48 S
STOP TESTS WHD0001V00000-UH9B3M
--- STORAGE
+++ 20210728T004808 STORAGE 1627422487
UDI: UMISRPJTJ256MEE1OWX-SS1B60641Z1CD12S203J
DISPLAY_NAME: UMIS RPJTJ256MEE1OWX - 238.47 GBs
MODEL: UMIS RPJTJ256MEE1OWX
SERIAL: SS1B60641Z1CD12S203J
CURRENT_8S_LABEL: 8SSSS1B60641Z1CD12S203J       
FIRMWARE: 2.1C0628
SIZE: 238.47 GBs
TEMPERATURE: 36 °C
LOGICAL_SECTOR_SIZE: 512
LOGICAL_SECTORS: 500118192
PARTITION_SCHEMA: GPT
UNALLOCATED: 2.59 MBs
DRIVER_VERSION: 10.0.19041.789
>>> RESOURCE PARTITION
INDEX: 1
PARTITION_TYPE: _E|F|I_SYSTEM_PARTITION
SIZE: 100.00 MBs
<<< RESOURCE
>>> RESOURCE PARTITION
INDEX: 2
PARTITION_TYPE: _MICROSOFT_RESERVED_PARTITION
SIZE: 16.00 MBs
<<< RESOURCE
>>> RESOURCE PARTITION
INDEX: 3
PARTITION_TYPE: _WINDOWS_BASIC_DATA_PARTITION
FILE_SYSTEM: ntfs
MOUNT_POINT: C:\
SERIAL: BE55595E
SIZE: 237.85 GBs
USED: 57.65 GBs
FREE: 180.20 GBs
<<< RESOURCE
>>> RESOURCE PARTITION
INDEX: 4
PARTITION_TYPE: _WINDOWS_RECOVERY_ENVIRONMENT
SIZE: 523.00 MBs
<<< RESOURCE
>>> SMART INFO
id: 0
description: Critical Warning
data: 0
id: 1
description: Temperature
data: 36
id: 3
description: Avalable Spare
data: 100 %
id: 4
description: Available Spare Threshold
data: 10 %
id: 5
description: Percentage Used
data: 0 %
id: 32
description: Data Units Read
data: 989,062 [471 GB]
id: 48
description: Data Units Written
data: 962,014 [458 GB]
id: 64
description: Host Read Commands
data: 15,964,530
id: 80
description: Host Write Commands
data: 10,081,166
id: 96
description: Controller Busy Time
data: 295 min
id: 112
description: Power Cycles
data: 78
id: 128
description: Power-On Hours
data: 138
id: 144
description: Unsafe Shutdowns
data: 37
id: 160
description: Media Errors
data: 0
id: 176
description: Error Information Log Entries
data: 0
id: 192
description: Warning composite Temperature Time
data: 0 min
id: 196
description: Critical Composite Temperature Time
data: 0 min
<<< SMART
START TESTS
20210728T005228 START SMART_WEAROUT_TEST
20210728T005228 STOP SMART_WEAROUT_TEST SUCCESS 0.09 S
20210728T005228 START SMART_TEMPERATURE_TEST
20210728T005228 STOP SMART_TEMPERATURE_TEST SUCCESS 0.11 S
20210728T005228 START SMART_RELIABILITY_TEST
20210728T005228 STOP SMART_RELIABILITY_TEST SUCCESS 0.09 S
20210728T005228 START SMART_SPARE_SPACE_TEST
20210728T005228 STOP SMART_SPARE_SPACE_TEST SUCCESS 0.11 S
20210728T005228 START DEVICE_READ_TEST
20210728T005234 STOP DEVICE_READ_TEST SUCCESS 5.20 S
STOP TESTS WHD1O90000000-UH9B3M
--- STORAGE
Final Execution
End Date and Time: 20210728T005234
Final Result Code:
W3JGJ45DZPRF-WLUPAZ
